Build started 26/12/2014 10:19:40.
     1>Project "C:\Users\vitor\Documents\Trabalho-IIA\Trabalho IIA\Trabalho IIA.vcxproj" on node 2 (Build target(s)).
       Project file contains ToolsVersion="12.0". This toolset may be unknown or missing, in which case you may be able to resolve this by installing the appropriate version of MSBuild, or the build may have been forced to a particular ToolsVersion for policy reasons. Treating the project as if it had ToolsVersion="4.0". For more information, please see http://go.microsoft.com/fwlink/?LinkId=291333.
     1>ClCompile:
         C:\Program Files (x86)\Microsoft Visual Studio 11.0\VC\bin\CL.exe /c /ZI /nologo /W3 /WX- /Od /Oy- /D WIN32 /D _DEBUG /D _CONSOLE /D _UNICODE /D UNICODE /Gm /EHsc /RTC1 /MDd /GS /fp:precise /Zc:wchar_t /Zc:forScope /Fo"Debug\\" /Fd"Debug\vc110.pdb" /Gd /TP /analyze- /errorReport:prompt main.cpp
         main.cpp
     1>c:\users\vitor\documents\trabalho-iia\trabalho iia\main.cpp(32): warning C4996: 'strcpy': This function or variable may be unsafe. Consider using strcpy_s instead. To disable deprecation, use _CRT_SECURE_NO_WARNINGS. See online help for details.
                 c:\program files (x86)\microsoft visual studio 11.0\vc\include\string.h(110) : see declaration of 'strcpy'
     1>c:\users\vitor\documents\trabalho-iia\trabalho iia\main.cpp(37): warning C4996: 'strcpy': This function or variable may be unsafe. Consider using strcpy_s instead. To disable deprecation, use _CRT_SECURE_NO_WARNINGS. See online help for details.
                 c:\program files (x86)\microsoft visual studio 11.0\vc\include\string.h(110) : see declaration of 'strcpy'
     1>c:\users\vitor\documents\trabalho-iia\trabalho iia\main.cpp(43): warning C4996: 'gets': This function or variable may be unsafe. Consider using gets_s instead. To disable deprecation, use _CRT_SECURE_NO_WARNINGS. See online help for details.
                 c:\program files (x86)\microsoft visual studio 11.0\vc\include\stdio.h(261) : see declaration of 'gets'
     1>c:\users\vitor\documents\trabalho-iia\trabalho iia\main.cpp(26): warning C4101: 'i' : unreferenced local variable
       Link:
         C:\Program Files (x86)\Microsoft Visual Studio 11.0\VC\bin\link.exe /ERRORREPORT:PROMPT /OUT:"C:\Users\vitor\Documents\Trabalho-IIA\Debug\Trabalho IIA.exe" /INCREMENTAL /NOLOGO kernel32.lib user32.lib gdi32.lib winspool.lib comdlg32.lib advapi32.lib shell32.lib ole32.lib oleaut32.lib uuid.lib odbc32.lib odbccp32.lib /MANIFEST /MANIFESTUAC:"level='asInvoker' uiAccess='false'" /manifest:embed /DEBUG /PDB:"C:\Users\vitor\Documents\Trabalho-IIA\Debug\Trabalho IIA.pdb" /SUBSYSTEM:CONSOLE /TLBID:1 /DYNAMICBASE /NXCOMPAT /IMPLIB:"C:\Users\vitor\Documents\Trabalho-IIA\Debug\Trabalho IIA.lib" /MACHINE:X86 Debug\algoritmo.obj
         Debug\funcao.obj
         Debug\main.obj
         Debug\utils.obj
         Trabalho IIA.vcxproj -> C:\Users\vitor\Documents\Trabalho-IIA\Debug\Trabalho IIA.exe
     1>Done Building Project "C:\Users\vitor\Documents\Trabalho-IIA\Trabalho IIA\Trabalho IIA.vcxproj" (Build target(s)).

Build succeeded.

Time Elapsed 00:00:01.97
